<?xml version="1.0" encoding="UTF-8"?>
<!-- Generated by org.testng.reporters.JUnitReportReporter -->
<testsuite hostname="LAPTOP-FSO08FDN" failures="0" tests="9" name="com.test.exec.LumaFashion" time="19.109" errors="0" timestamp="2024-03-15T22:31:33 PDT" skipped="0">
  <testcase classname="com.test.exec.LumaFashion" name="openApp" time="0.647"/>
  <testcase classname="com.test.exec.LumaFashion" name="registration" time="2.802"/>
  <testcase classname="com.test.exec.LumaFashion" name="loginIncorrectPW" time="3.279"/>
  <testcase classname="com.test.exec.LumaFashion" name="loginBlankPW" time="1.317"/>
  <testcase classname="com.test.exec.LumaFashion" name="loginUnregisteredEmail" time="2.631"/>
  <testcase classname="com.test.exec.LumaFashion" name="loginBlankEmail" time="1.257"/>
  <testcase classname="com.test.exec.LumaFashion" name="searchProduct" time="1.963"/>
  <testcase classname="com.test.exec.LumaFashion" name="addToCart" time="5.035"/>
  <testcase classname="com.test.exec.LumaFashion" name="closeApp" time="0.178"/>
</testsuite> <!-- com.test.exec.LumaFashion -->
